FYP3 - MapBox/Temp/gradleOut/launcher/build/intermediates/manifest_merge_blame_file/debug/manifest-merger-blame-debug-report.txt
1<?xml version="1.0" encoding="utf-8"?>
2<!-- GENERATED BY UNITY. REMOVE THIS COMMENT TO PREVENT OVERWRITING WHEN EXPORTING AGAIN -->
3<manifest xmlns:android="http://schemas.android.com/apk/res/android"
4    package="com.DefaultCompany.FYP3"
5    android:installLocation="preferExternal"
6    android:versionCode="1"
7    android:versionName="0.1" >
8
9    <uses-sdk
10        android:minSdkVersion="24"
10-->src\main\AndroidManifest.xml
11        android:targetSdkVersion="29" />
11-->src\main\AndroidManifest.xml
12
13    <supports-screens
13-->src\main\AndroidManifest.xml:4:3-163
14        android:anyDensity="true"
14-->src\main\AndroidManifest.xml:4:135-160
15        android:largeScreens="true"
15-->src\main\AndroidManifest.xml:4:78-105
16        android:normalScreens="true"
16-->src\main\AndroidManifest.xml:4:49-77
17        android:smallScreens="true"
17-->src\main\AndroidManifest.xml:4:21-48
18        android:xlargeScreens="true" />
18-->src\main\AndroidManifest.xml:4:106-134
19
20    <uses-feature android:glEsVersion="0x00030000" />
20-->[:unityLibrary] AndroidManifest.xml:13:5-54
20-->[:unityLibrary] AndroidManifest.xml:13:19-51
21
22    <uses-permission android:name="android.permission.INTERNET" />
22-->[:unityLibrary] AndroidManifest.xml:15:5-67
22-->[:unityLibrary] AndroidManifest.xml:15:22-64
23    <uses-permission android:name="android.permission.ACCESS_FINE_LOCATION" />
23-->[:unityLibrary] AndroidManifest.xml:16:5-79
23-->[:unityLibrary] AndroidManifest.xml:16:22-76
24
25    <uses-feature
25-->[:unityLibrary] AndroidManifest.xml:18:5-20:36
26        android:name="android.hardware.location.gps"
26-->[:unityLibrary] AndroidManifest.xml:19:9-53
27        android:required="true" />
27-->[:unityLibrary] AndroidManifest.xml:20:9-33
28    <uses-feature
28-->[:unityLibrary] AndroidManifest.xml:21:5-23:36
29        android:name="android.hardware.location"
29-->[:unityLibrary] AndroidManifest.xml:22:9-49
30        android:required="false" />
30-->[:unityLibrary] AndroidManifest.xml:23:9-33
31    <uses-feature
31-->[:unityLibrary] AndroidManifest.xml:24:5-26:36
32        android:name="android.hardware.touchscreen"
32-->[:unityLibrary] AndroidManifest.xml:25:9-52
33        android:required="false" />
33-->[:unityLibrary] AndroidManifest.xml:26:9-33
34    <uses-feature
34-->[:unityLibrary] AndroidManifest.xml:27:5-29:36
35        android:name="android.hardware.touchscreen.multitouch"
35-->[:unityLibrary] AndroidManifest.xml:28:9-63
36        android:required="false" />
36-->[:unityLibrary] AndroidManifest.xml:29:9-33
37    <uses-feature
37-->[:unityLibrary] AndroidManifest.xml:30:5-32:36
38        android:name="android.hardware.touchscreen.multitouch.distinct"
38-->[:unityLibrary] AndroidManifest.xml:31:9-72
39        android:required="false" />
39-->[:unityLibrary] AndroidManifest.xml:32:9-33
40
41    <uses-permission android:name="android.permission.CAMERA" />
41-->[:unityLibrary] AndroidManifest.xml:34:5-65
41-->[:unityLibrary] AndroidManifest.xml:34:22-62
42
43    <queries>
43-->[:arcore_client:] AndroidManifest.xml:29:5-31:15
44        <package android:name="com.google.ar.core" />
44-->[:arcore_client:] AndroidManifest.xml:30:9-54
44-->[:arcore_client:] AndroidManifest.xml:30:18-51
45    </queries>
46
47    <uses-permission android:name="android.permission.ACCESS_COARSE_LOCATION" />
47-->[:com.mapbox.android.unity-debug:] AndroidManifest.xml:12:5-81
47-->[:com.mapbox.android.unity-debug:] AndroidManifest.xml:12:22-78
48    <uses-permission android:name="android.permission.ACCESS_NETWORK_STATE" /> <!-- Required for CrashReporterJobIntentService on API levels below 25 -->
48-->[:libcore-release:] AndroidManifest.xml:12:5-79
48-->[:libcore-release:] AndroidManifest.xml:12:22-76
49    <uses-permission android:name="android.permission.WAKE_LOCK" />
49-->[:libtelemetry-full-release:] AndroidManifest.xml:12:5-68
49-->[:libtelemetry-full-release:] AndroidManifest.xml:12:22-65
50    <uses-permission android:name="android.permission.ACCESS_WIFI_STATE" />
50-->[:libtelemetry-full-release:] AndroidManifest.xml:15:5-76
50-->[:libtelemetry-full-release:] AndroidManifest.xml:15:22-73
51
52    <application
52-->src\main\AndroidManifest.xml:5:3-116
53        android:debuggable="true"
54        android:extractNativeLibs="true"
54-->src\main\AndroidManifest.xml:5:16-48
55        android:icon="@mipmap/app_icon"
55-->src\main\AndroidManifest.xml:5:82-113
56        android:label="@string/app_name" >
56-->src\main\AndroidManifest.xml:5:49-81
57        <activity
57-->[:unityLibrary] AndroidManifest.xml:37:9-56:20
58            android:name="com.unity3d.player.UnityPlayerActivity"
58-->[:unityLibrary] AndroidManifest.xml:38:13-66
59            android:configChanges="mcc|mnc|locale|touchscreen|keyboard|keyboardHidden|navigation|orientation|screenLayout|uiMode|screenSize|smallestScreenSize|fontScale|layoutDirection|density"
59-->[:unityLibrary] AndroidManifest.xml:39:13-194
60            android:hardwareAccelerated="false"
60-->[:unityLibrary] AndroidManifest.xml:40:13-48
61            android:launchMode="singleTask"
61-->[:unityLibrary] AndroidManifest.xml:41:13-44
62            android:screenOrientation="fullSensor"
62-->[:unityLibrary] AndroidManifest.xml:42:13-51
63            android:theme="@style/UnityThemeSelector" >
63-->[:unityLibrary] AndroidManifest.xml:43:13-54
64            <intent-filter>
64-->[:unityLibrary] AndroidManifest.xml:44:13-48:29
65                <action android:name="android.intent.action.MAIN" />
65-->[:unityLibrary] AndroidManifest.xml:45:17-69
65-->[:unityLibrary] AndroidManifest.xml:45:25-66
66
67                <category android:name="android.intent.category.LAUNCHER" />
67-->[:unityLibrary] AndroidManifest.xml:47:17-77
67-->[:unityLibrary] AndroidManifest.xml:47:27-74
68            </intent-filter>
69
70            <meta-data
70-->[:unityLibrary] AndroidManifest.xml:50:13-52:40
71                android:name="unityplayer.UnityActivity"
71-->[:unityLibrary] AndroidManifest.xml:51:17-57
72                android:value="true" />
72-->[:unityLibrary] AndroidManifest.xml:52:17-37
73            <meta-data
73-->[:unityLibrary] AndroidManifest.xml:53:13-55:40
74                android:name="android.notch_support"
74-->[:unityLibrary] AndroidManifest.xml:54:17-53
75                android:value="true" />
75-->[:unityLibrary] AndroidManifest.xml:55:17-37
76        </activity>
77
78        <meta-data
78-->[:unityLibrary] AndroidManifest.xml:58:9-60:33
79            android:name="unity.splash-mode"
79-->[:unityLibrary] AndroidManifest.xml:59:13-45
80            android:value="0" />
80-->[:unityLibrary] AndroidManifest.xml:60:13-30
81        <meta-data
81-->[:unityLibrary] AndroidManifest.xml:61:9-63:36
82            android:name="unity.splash-enable"
82-->[:unityLibrary] AndroidManifest.xml:62:13-47
83            android:value="True" />
83-->[:unityLibrary] AndroidManifest.xml:63:13-33
84        <meta-data
84-->[:unityLibrary] AndroidManifest.xml:64:9-66:50
85            android:name="notch.config"
85-->[:unityLibrary] AndroidManifest.xml:65:13-40
86            android:value="portrait|landscape" />
86-->[:unityLibrary] AndroidManifest.xml:66:13-47
87        <meta-data
87-->[:unityLibrary] AndroidManifest.xml:67:9-69:68
88            android:name="unity.build-id"
88-->[:unityLibrary] AndroidManifest.xml:68:13-42
89            android:value="14b0aae6-390d-463a-b5d9-934163a0a272" />
89-->[:unityLibrary] AndroidManifest.xml:69:13-65
90        <meta-data
90-->[:unityLibrary] AndroidManifest.xml:70:9-72:36
91            android:name="unityplayer.SkipPermissionsDialog"
91-->[:unityLibrary] AndroidManifest.xml:71:13-61
92            android:value="true" />
92-->[:unityLibrary] AndroidManifest.xml:72:13-33
93        <meta-data
93-->[:unityLibrary] AndroidManifest.xml:73:9-75:40
94            android:name="com.google.ar.core"
94-->[:unityLibrary] AndroidManifest.xml:74:13-46
95            android:value="optional" /> <!-- The minimal version code of ARCore APK required for an app using this SDK. -->
95-->[:unityLibrary] AndroidManifest.xml:75:13-37
96        <meta-data
96-->[:arcore_client:] AndroidManifest.xml:36:9-38:41
97            android:name="com.google.ar.core.min_apk_version"
97-->[:arcore_client:] AndroidManifest.xml:37:13-62
98            android:value="201750000" /> <!-- This activity is critical for installing ARCore when it is not already present. -->
98-->[:arcore_client:] AndroidManifest.xml:38:13-38
99        <activity
99-->[:arcore_client:] AndroidManifest.xml:40:9-46:80
100            android:name="com.google.ar.core.InstallActivity"
100-->[:arcore_client:] AndroidManifest.xml:41:13-62
101            android:configChanges="keyboardHidden|orientation|screenSize"
101-->[:arcore_client:] AndroidManifest.xml:42:13-74
102            android:excludeFromRecents="true"
102-->[:arcore_client:] AndroidManifest.xml:43:13-46
103            android:exported="false"
103-->[:arcore_client:] AndroidManifest.xml:44:13-37
104            android:launchMode="singleTop"
104-->[:arcore_client:] AndroidManifest.xml:45:13-43
105            android:theme="@android:style/Theme.Material.Light.Dialog.Alert" />
105-->[:arcore_client:] AndroidManifest.xml:46:13-77
106
107        <provider
107-->[:libtelemetry-full-release:] AndroidManifest.xml:19:9-23:39
108            android:name="com.mapbox.android.telemetry.provider.MapboxTelemetryInitProvider"
108-->[:libtelemetry-full-release:] AndroidManifest.xml:20:13-93
109            android:authorities="com.DefaultCompany.FYP3.mapboxtelemetryinitprovider"
109-->[:libtelemetry-full-release:] AndroidManifest.xml:21:13-79
110            android:exported="false"
110-->[:libtelemetry-full-release:] AndroidManifest.xml:22:13-37
111            android:initOrder="100" />
111-->[:libtelemetry-full-release:] AndroidManifest.xml:23:13-36
112
113        <service
113-->[:libtelemetry-full-release:] AndroidManifest.xml:25:9-27:72
114            android:name="com.mapbox.android.telemetry.crash.CrashReporterJobIntentService"
114-->[:libtelemetry-full-release:] AndroidManifest.xml:26:13-92
115            android:permission="android.permission.BIND_JOB_SERVICE" />
115-->[:libtelemetry-full-release:] AndroidManifest.xml:27:13-69
116    </application>
117
118</manifest>